2017-07-13T19:00:14+00:00 INFO Queuing 3.1.0 - wc_update_310_downloadable_products
2017-07-13T19:00:14+00:00 INFO Queuing 3.1.0 - wc_update_310_old_comments
2017-07-13T19:00:14+00:00 INFO Queuing 3.1.0 - wc_update_310_db_version
2017-07-13T19:00:15+00:00 INFO Running wc_update_310_downloadable_products callback
2017-07-13T19:00:15+00:00 INFO Finished wc_update_310_downloadable_products callback
2017-07-13T19:00:15+00:00 INFO Running wc_update_310_old_comments callback
2017-07-13T19:00:15+00:00 INFO Finished wc_update_310_old_comments callback
2017-07-13T19:00:15+00:00 INFO Running wc_update_310_db_version callback
2017-07-13T19:00:15+00:00 INFO Finished wc_update_310_db_version callback
2017-07-13T19:00:15+00:00 INFO Data update complete
2017-09-07T13:22:05+00:00 INFO Queuing 3.1.2 - wc_update_312_shop_manager_capabilities
2017-09-07T13:22:05+00:00 INFO Queuing 3.1.2 - wc_update_312_db_version
2017-09-07T13:22:08+00:00 INFO Running wc_update_312_shop_manager_capabilities callback
2017-09-07T13:22:08+00:00 INFO Finished wc_update_312_shop_manager_capabilities callback
2017-09-07T13:22:08+00:00 INFO Running wc_update_312_db_version callback
2017-09-07T13:22:08+00:00 INFO Finished wc_update_312_db_version callback
2017-09-07T13:22:08+00:00 INFO Data update complete
2017-10-12T18:55:47+00:00 INFO Queuing 3.2.0 - wc_update_320_mexican_states
2017-10-12T18:55:47+00:00 INFO Queuing 3.2.0 - wc_update_320_db_version
2017-10-12T18:55:49+00:00 INFO Running wc_update_320_mexican_states callback
2017-10-12T18:55:49+00:00 INFO Finished wc_update_320_mexican_states callback
2017-10-12T18:55:49+00:00 INFO Running wc_update_320_db_version callback
2017-10-12T18:55:49+00:00 INFO Finished wc_update_320_db_version callback
2017-10-12T18:55:49+00:00 INFO Data update complete
2018-02-16T19:02:55+00:00 INFO Queuing 3.3.0 - wc_update_330_image_options
2018-02-16T19:02:55+00:00 INFO Queuing 3.3.0 - wc_update_330_webhooks
2018-02-16T19:02:55+00:00 INFO Queuing 3.3.0 - wc_update_330_product_stock_status
2018-02-16T19:02:55+00:00 INFO Queuing 3.3.0 - wc_update_330_set_default_product_cat
2018-02-16T19:02:55+00:00 INFO Queuing 3.3.0 - wc_update_330_clear_transients
2018-02-16T19:02:55+00:00 INFO Queuing 3.3.0 - wc_update_330_set_paypal_sandbox_credentials
2018-02-16T19:02:55+00:00 INFO Queuing 3.3.0 - wc_update_330_db_version
2018-02-16T19:02:57+00:00 INFO Running wc_update_330_image_options callback
2018-02-16T19:02:57+00:00 INFO Finished wc_update_330_image_options callback
2018-02-16T19:02:57+00:00 INFO Running wc_update_330_webhooks callback
2018-02-16T19:02:57+00:00 INFO Finished wc_update_330_webhooks callback
2018-02-16T19:02:57+00:00 INFO Running wc_update_330_product_stock_status callback
2018-02-16T19:02:57+00:00 INFO Finished wc_update_330_product_stock_status callback
2018-02-16T19:02:57+00:00 INFO Running wc_update_330_set_default_product_cat callback
2018-02-16T19:02:57+00:00 INFO Finished wc_update_330_set_default_product_cat callback
2018-02-16T19:02:57+00:00 INFO Running wc_update_330_clear_transients callback
2018-02-16T19:02:57+00:00 INFO Finished wc_update_330_clear_transients callback
2018-02-16T19:02:57+00:00 INFO Running wc_update_330_set_paypal_sandbox_credentials callback
2018-02-16T19:02:57+00:00 INFO Finished wc_update_330_set_paypal_sandbox_credentials callback
2018-02-16T19:02:57+00:00 INFO Running wc_update_330_db_version callback
2018-02-16T19:02:57+00:00 INFO Finished wc_update_330_db_version callback
2018-02-16T19:02:57+00:00 INFO Data update complete
